  source.cpp
F:\WorkProgramming\C Plus Plus Convert SQL\VisualStudio\WideDesign\rapidjson\document.h(118,5): warning C4996: 'std::iterator<std::random_access_iterator_tag,internal::MaybeAddConst<Const,rapidjson::GenericMember<Encoding,Allocator>>::Type,ptrdiff_t,internal::MaybeAddConst<Const,rapidjson::GenericMember<Encoding,Allocator>>::Type*,internal::MaybeAddConst<Const,rapidjson::GenericMember<Encoding,Allocator>>::Type&>': warning STL4015: The std::iterator class template (used as a base class to provide typedefs) is deprecated in C++17. (The <iterator> header is NOT deprecated.) The C++ Standard has never required user-defined iterators to derive from std::iterator. To fix this warning, stop deriving from std::iterator and start providing publicly accessible typedefs named iterator_category, value_type, difference_type, pointer, and reference. Note that value_type is required to be non-const, even for constant iterators. You can define _SILENCE_CXX17_ITERATOR_BASE_CLASS_DEPRECATION_WARNING or _SILENCE_ALL_CXX17_DEPRECATION_WARNINGS to acknowledge that you have received this warning.
C:\Program Files\Microsoft Visual Studio\2022\Community\VC\Tools\MSVC\14.30.30705\include\xutility(5722,1): message : see declaration of 'std::iterator'
F:\WorkProgramming\C Plus Plus Convert SQL\VisualStudio\WideDesign\rapidjson\document.h(202): message : see reference to class template instantiation 'rapidjson::GenericMemberIterator<Const,Encoding,Allocator>' being compiled
F:\WorkProgramming\C Plus Plus Convert SQL\VisualStudio\WideDesign\rapidjson\document.h(110,19): warning C4996: 'std::iterator<std::random_access_iterator_tag,rapidjson::GenericMember<Encoding,Allocator>,ptrdiff_t,rapidjson::GenericMember<Encoding,Allocator> *,rapidjson::GenericMember<Encoding,Allocator> &>': warning STL4015: The std::iterator class template (used as a base class to provide typedefs) is deprecated in C++17. (The <iterator> header is NOT deprecated.) The C++ Standard has never required user-defined iterators to derive from std::iterator. To fix this warning, stop deriving from std::iterator and start providing publicly accessible typedefs named iterator_category, value_type, difference_type, pointer, and reference. Note that value_type is required to be non-const, even for constant iterators. You can define _SILENCE_CXX17_ITERATOR_BASE_CLASS_DEPRECATION_WARNING or _SILENCE_ALL_CXX17_DEPRECATION_WARNINGS to acknowledge that you have received this warning.
          with
          [
              Encoding=rapidjson::UTF8<char>,
              Allocator=rapidjson::MemoryPoolAllocator<rapidjson::CrtAllocator>
          ]
C:\Program Files\Microsoft Visual Studio\2022\Community\VC\Tools\MSVC\14.30.30705\include\xutility(5722,1): message : see declaration of 'std::iterator'
F:\WorkProgramming\C Plus Plus Convert SQL\VisualStudio\WideDesign\rapidjson\document.h(567): message : see reference to class template instantiation 'rapidjson::GenericMemberIterator<false,Encoding,Allocator>' being compiled
          with
          [
              Encoding=rapidjson::UTF8<char>,
              Allocator=rapidjson::MemoryPoolAllocator<rapidjson::CrtAllocator>
          ]
F:\WorkProgramming\C Plus Plus Convert SQL\VisualStudio\WideDesign\rapidjson\document.h(2095): message : see reference to class template instantiation 'rapidjson::GenericValue<rapidjson::UTF8<char>,rapidjson::MemoryPoolAllocator<rapidjson::CrtAllocator>>' being compiled
F:\WorkProgramming\C Plus Plus Convert SQL\VisualStudio\WideDesign\WideDesign.h(57): message : see reference to class template instantiation 'rapidjson::GenericDocument<rapidjson::UTF8<char>,rapidjson::MemoryPoolAllocator<rapidjson::CrtAllocator>,rapidjson::CrtAllocator>' being compiled
F:\WorkProgramming\C Plus Plus Convert SQL\VisualStudio\WideDesign\rapidjson\document.h(118,5): warning C4996: 'std::iterator<std::random_access_iterator_tag,rapidjson::GenericMember<Encoding,Allocator>,ptrdiff_t,rapidjson::GenericMember<Encoding,Allocator> *,rapidjson::GenericMember<Encoding,Allocator> &>': warning STL4015: The std::iterator class template (used as a base class to provide typedefs) is deprecated in C++17. (The <iterator> header is NOT deprecated.) The C++ Standard has never required user-defined iterators to derive from std::iterator. To fix this warning, stop deriving from std::iterator and start providing publicly accessible typedefs named iterator_category, value_type, difference_type, pointer, and reference. Note that value_type is required to be non-const, even for constant iterators. You can define _SILENCE_CXX17_ITERATOR_BASE_CLASS_DEPRECATION_WARNING or _SILENCE_ALL_CXX17_DEPRECATION_WARNINGS to acknowledge that you have received this warning.
          with
          [
              Encoding=rapidjson::UTF8<char>,
              Allocator=rapidjson::MemoryPoolAllocator<rapidjson::CrtAllocator>
          ]
C:\Program Files\Microsoft Visual Studio\2022\Community\VC\Tools\MSVC\14.30.30705\include\xutility(5722,1): message : see declaration of 'std::iterator'
F:\WorkProgramming\C Plus Plus Convert SQL\VisualStudio\WideDesign\rapidjson\document.h(129,5): warning C4996: 'std::iterator<std::random_access_iterator_tag,rapidjson::GenericMember<Encoding,Allocator>,ptrdiff_t,rapidjson::GenericMember<Encoding,Allocator> *,rapidjson::GenericMember<Encoding,Allocator> &>::pointer': warning STL4015: The std::iterator class template (used as a base class to provide typedefs) is deprecated in C++17. (The <iterator> header is NOT deprecated.) The C++ Standard has never required user-defined iterators to derive from std::iterator. To fix this warning, stop deriving from std::iterator and start providing publicly accessible typedefs named iterator_category, value_type, difference_type, pointer, and reference. Note that value_type is required to be non-const, even for constant iterators. You can define _SILENCE_CXX17_ITERATOR_BASE_CLASS_DEPRECATION_WARNING or _SILENCE_ALL_CXX17_DEPRECATION_WARNINGS to acknowledge that you have received this warning.
          with
          [
              Encoding=rapidjson::UTF8<char>,
              Allocator=rapidjson::MemoryPoolAllocator<rapidjson::CrtAllocator>
          ]
F:\WorkProgramming\C Plus Plus Convert SQL\VisualStudio\WideDesign\rapidjson\document.h(131,5): warning C4996: 'std::iterator<std::random_access_iterator_tag,rapidjson::GenericMember<Encoding,Allocator>,ptrdiff_t,rapidjson::GenericMember<Encoding,Allocator> *,rapidjson::GenericMember<Encoding,Allocator> &>::reference': warning STL4015: The std::iterator class template (used as a base class to provide typedefs) is deprecated in C++17. (The <iterator> header is NOT deprecated.) The C++ Standard has never required user-defined iterators to derive from std::iterator. To fix this warning, stop deriving from std::iterator and start providing publicly accessible typedefs named iterator_category, value_type, difference_type, pointer, and reference. Note that value_type is required to be non-const, even for constant iterators. You can define _SILENCE_CXX17_ITERATOR_BASE_CLASS_DEPRECATION_WARNING or _SILENCE_ALL_CXX17_DEPRECATION_WARNINGS to acknowledge that you have received this warning.
          with
          [
              Encoding=rapidjson::UTF8<char>,
              Allocator=rapidjson::MemoryPoolAllocator<rapidjson::CrtAllocator>
          ]
F:\WorkProgramming\C Plus Plus Convert SQL\VisualStudio\WideDesign\rapidjson\document.h(133,5): warning C4996: 'std::iterator<std::random_access_iterator_tag,rapidjson::GenericMember<Encoding,Allocator>,ptrdiff_t,rapidjson::GenericMember<Encoding,Allocator> *,rapidjson::GenericMember<Encoding,Allocator> &>::difference_type': warning STL4015: The std::iterator class template (used as a base class to provide typedefs) is deprecated in C++17. (The <iterator> header is NOT deprecated.) The C++ Standard has never required user-defined iterators to derive from std::iterator. To fix this warning, stop deriving from std::iterator and start providing publicly accessible typedefs named iterator_category, value_type, difference_type, pointer, and reference. Note that value_type is required to be non-const, even for constant iterators. You can define _SILENCE_CXX17_ITERATOR_BASE_CLASS_DEPRECATION_WARNING or _SILENCE_ALL_CXX17_DEPRECATION_WARNINGS to acknowledge that you have received this warning.
          with
          [
              Encoding=rapidjson::UTF8<char>,
              Allocator=rapidjson::MemoryPoolAllocator<rapidjson::CrtAllocator>
          ]
F:\WorkProgramming\C Plus Plus Convert SQL\VisualStudio\WideDesign\rapidjson\document.h(110,19): warning C4996: 'std::iterator<std::random_access_iterator_tag,const rapidjson::GenericMember<Encoding,Allocator>,ptrdiff_t,const rapidjson::GenericMember<Encoding,Allocator> *,const rapidjson::GenericMember<Encoding,Allocator> &>': warning STL4015: The std::iterator class template (used as a base class to provide typedefs) is deprecated in C++17. (The <iterator> header is NOT deprecated.) The C++ Standard has never required user-defined iterators to derive from std::iterator. To fix this warning, stop deriving from std::iterator and start providing publicly accessible typedefs named iterator_category, value_type, difference_type, pointer, and reference. Note that value_type is required to be non-const, even for constant iterators. You can define _SILENCE_CXX17_ITERATOR_BASE_CLASS_DEPRECATION_WARNING or _SILENCE_ALL_CXX17_DEPRECATION_WARNINGS to acknowledge that you have received this warning.
          with
          [
              Encoding=rapidjson::UTF8<char>,
              Allocator=rapidjson::MemoryPoolAllocator<rapidjson::CrtAllocator>
          ]
C:\Program Files\Microsoft Visual Studio\2022\Community\VC\Tools\MSVC\14.30.30705\include\xutility(5722,1): message : see declaration of 'std::iterator'
F:\WorkProgramming\C Plus Plus Convert SQL\VisualStudio\WideDesign\rapidjson\document.h(568): message : see reference to class template instantiation 'rapidjson::GenericMemberIterator<true,Encoding,Allocator>' being compiled
          with
          [
              Encoding=rapidjson::UTF8<char>,
              Allocator=rapidjson::MemoryPoolAllocator<rapidjson::CrtAllocator>
          ]
F:\WorkProgramming\C Plus Plus Convert SQL\VisualStudio\WideDesign\rapidjson\document.h(118,5): warning C4996: 'std::iterator<std::random_access_iterator_tag,const rapidjson::GenericMember<Encoding,Allocator>,ptrdiff_t,const rapidjson::GenericMember<Encoding,Allocator> *,const rapidjson::GenericMember<Encoding,Allocator> &>': warning STL4015: The std::iterator class template (used as a base class to provide typedefs) is deprecated in C++17. (The <iterator> header is NOT deprecated.) The C++ Standard has never required user-defined iterators to derive from std::iterator. To fix this warning, stop deriving from std::iterator and start providing publicly accessible typedefs named iterator_category, value_type, difference_type, pointer, and reference. Note that value_type is required to be non-const, even for constant iterators. You can define _SILENCE_CXX17_ITERATOR_BASE_CLASS_DEPRECATION_WARNING or _SILENCE_ALL_CXX17_DEPRECATION_WARNINGS to acknowledge that you have received this warning.
          with
          [
              Encoding=rapidjson::UTF8<char>,
              Allocator=rapidjson::MemoryPoolAllocator<rapidjson::CrtAllocator>
          ]
C:\Program Files\Microsoft Visual Studio\2022\Community\VC\Tools\MSVC\14.30.30705\include\xutility(5722,1): message : see declaration of 'std::iterator'
F:\WorkProgramming\C Plus Plus Convert SQL\VisualStudio\WideDesign\rapidjson\document.h(129,5): warning C4996: 'std::iterator<std::random_access_iterator_tag,const rapidjson::GenericMember<Encoding,Allocator>,ptrdiff_t,const rapidjson::GenericMember<Encoding,Allocator> *,const rapidjson::GenericMember<Encoding,Allocator> &>::pointer': warning STL4015: The std::iterator class template (used as a base class to provide typedefs) is deprecated in C++17. (The <iterator> header is NOT deprecated.) The C++ Standard has never required user-defined iterators to derive from std::iterator. To fix this warning, stop deriving from std::iterator and start providing publicly accessible typedefs named iterator_category, value_type, difference_type, pointer, and reference. Note that value_type is required to be non-const, even for constant iterators. You can define _SILENCE_CXX17_ITERATOR_BASE_CLASS_DEPRECATION_WARNING or _SILENCE_ALL_CXX17_DEPRECATION_WARNINGS to acknowledge that you have received this warning.
          with
          [
              Encoding=rapidjson::UTF8<char>,
              Allocator=rapidjson::MemoryPoolAllocator<rapidjson::CrtAllocator>
          ]
F:\WorkProgramming\C Plus Plus Convert SQL\VisualStudio\WideDesign\rapidjson\document.h(131,5): warning C4996: 'std::iterator<std::random_access_iterator_tag,const rapidjson::GenericMember<Encoding,Allocator>,ptrdiff_t,const rapidjson::GenericMember<Encoding,Allocator> *,const rapidjson::GenericMember<Encoding,Allocator> &>::reference': warning STL4015: The std::iterator class template (used as a base class to provide typedefs) is deprecated in C++17. (The <iterator> header is NOT deprecated.) The C++ Standard has never required user-defined iterators to derive from std::iterator. To fix this warning, stop deriving from std::iterator and start providing publicly accessible typedefs named iterator_category, value_type, difference_type, pointer, and reference. Note that value_type is required to be non-const, even for constant iterators. You can define _SILENCE_CXX17_ITERATOR_BASE_CLASS_DEPRECATION_WARNING or _SILENCE_ALL_CXX17_DEPRECATION_WARNINGS to acknowledge that you have received this warning.
          with
          [
              Encoding=rapidjson::UTF8<char>,
              Allocator=rapidjson::MemoryPoolAllocator<rapidjson::CrtAllocator>
          ]
F:\WorkProgramming\C Plus Plus Convert SQL\VisualStudio\WideDesign\rapidjson\document.h(133,5): warning C4996: 'std::iterator<std::random_access_iterator_tag,const rapidjson::GenericMember<Encoding,Allocator>,ptrdiff_t,const rapidjson::GenericMember<Encoding,Allocator> *,const rapidjson::GenericMember<Encoding,Allocator> &>::difference_type': warning STL4015: The std::iterator class template (used as a base class to provide typedefs) is deprecated in C++17. (The <iterator> header is NOT deprecated.) The C++ Standard has never required user-defined iterators to derive from std::iterator. To fix this warning, stop deriving from std::iterator and start providing publicly accessible typedefs named iterator_category, value_type, difference_type, pointer, and reference. Note that value_type is required to be non-const, even for constant iterators. You can define _SILENCE_CXX17_ITERATOR_BASE_CLASS_DEPRECATION_WARNING or _SILENCE_ALL_CXX17_DEPRECATION_WARNINGS to acknowledge that you have received this warning.
          with
          [
              Encoding=rapidjson::UTF8<char>,
              Allocator=rapidjson::MemoryPoolAllocator<rapidjson::CrtAllocator>
          ]
  WideDesign.vcxproj -> F:\WorkProgramming\C Plus Plus Convert SQL\VisualStudio\WideDesign\x64\Debug\WideDesign.exe
